O3PipeView:fetch:10855948689000:0x7fd1b6c06134:0:1:s_load_dwordx4 s[4:7], s[0:1], 0x00
O3PipeView:decode:10855948690000
O3PipeView:rename:10855948691000
O3PipeView:dispatch:10855948692000
O3PipeView:issue:10855948693000
O3PipeView:complete:10855950495000
O3PipeView:retire:10855950545000:store:10855950546000
O3PipeView:fetch:10855948689000:0x7fd1b6c06134:0:2:s_load_dwordx4 s[8:11], s[0:1], 0x10
O3PipeView:decode:10855948690000
O3PipeView:rename:10855948691000
O3PipeView:dispatch:10855948693000
O3PipeView:issue:10855948697000
O3PipeView:complete:10855950499000
O3PipeView:retire:10855950549000:store:10855950550000
O3PipeView:fetch:10855948689000:0x7fd1b6c06134:0:3:s_load_dwordx4 s[12:15], s[0:1], 0x20
O3PipeView:decode:10855948690000
O3PipeView:rename:10855948691000
O3PipeView:dispatch:10855948697000
O3PipeView:issue:10855948713000
O3PipeView:complete:10855950515000
O3PipeView:retire:10855950565000:store:10855950566000
O3PipeView:fetch:10855948689000:0x7fd1b6c06134:0:4:s_load_dwordx4 s[16:19], s[0:1], 0x30
O3PipeView:decode:10855948690000
O3PipeView:rename:10855948691000
O3PipeView:dispatch:10855948713000
O3PipeView:issue:10855948729000
O3PipeView:complete:10855950531000
O3PipeView:retire:10855950581000:store:10855950582000
O3PipeView:fetch:10855948689000:0x7fd1b6c06134:0:5:s_load_dwordx4 s[20:23], s[0:1], 0x40
O3PipeView:decode:10855948690000
O3PipeView:rename:10855948691000
O3PipeView:dispatch:10855948729000
O3PipeView:issue:10855948745000
O3PipeView:complete:10855950547000
O3PipeView:retire:10855950597000:store:10855950598000
O3PipeView:fetch:10855948689000:0x7fd1b6c06134:0:6:s_load_dword s24, s[0:1], 0x50
O3PipeView:decode:10855948690000
O3PipeView:rename:10855948691000
O3PipeView:dispatch:10855948745000
O3PipeView:issue:10855948761000
O3PipeView:complete:10855950563000
O3PipeView:retire:10855950613000:store:10855950614000
O3PipeView:fetch:10855948689000:0x7fd1b6c06130:0:7:s_waitcnt lgkmcnt(0)
O3PipeView:decode:10855948690000
O3PipeView:rename:10855948691000
O3PipeView:dispatch:10855948761000
O3PipeView:issue:10855948762000
O3PipeView:complete:10855948766000
O3PipeView:retire:10855948767000:store:0
O3PipeView:fetch:10855948689000:0x7fd1b6c06134:0:8:s_lshl_b32 s2, s2, 6
O3PipeView:decode:10855948690000
O3PipeView:rename:10855948691000
O3PipeView:dispatch:10855950615000
O3PipeView:issue:10855950616000
O3PipeView:complete:10855950620000
O3PipeView:retire:10855950621000:store:0
O3PipeView:fetch:10855948689000:0x7fd1b6c06138:0:9:v_add_co_u32 v0, vcc, s2, v0
O3PipeView:decode:10855948690000
O3PipeView:rename:10855948691000
O3PipeView:dispatch:10855950618000
O3PipeView:issue:10855950619000
O3PipeView:complete:10855950623000
O3PipeView:retire:10855950624000:store:0
O3PipeView:fetch:10855948694000:0x7fd1b6c0613c:0:10:v_mov_b32 v3, s5
O3PipeView:decode:10855948695000
O3PipeView:rename:10855948696000
O3PipeView:dispatch:10855950619000
O3PipeView:issue:10855950623000
O3PipeView:complete:10855950627000
O3PipeView:retire:10855950628000:store:0
O3PipeView:fetch:10855948694000:0x7fd1b6c06140:0:11:v_add_co_u32 v2, vcc_lo, v0, s4
O3PipeView:decode:10855948695000
O3PipeView:rename:10855948696000
O3PipeView:dispatch:10855950623000
O3PipeView:issue:10855950627000
O3PipeView:complete:10855950631000
O3PipeView:retire:10855950632000:store:0
O3PipeView:fetch:10855948694000:0x7fd1b6c06148:0:12:v_addc_co_u32 v3, vcc_lo, v3, 0, vcc_lo, vcc
O3PipeView:decode:10855948695000
O3PipeView:rename:10855948696000
O3PipeView:dispatch:10855950629000
O3PipeView:issue:10855950631000
O3PipeView:complete:10855950635000
O3PipeView:retire:10855950636000:store:0
O3PipeView:fetch:10855948694000:0x7fd1b6c06150:0:13:v_mov_b32 v5, s7
O3PipeView:decode:10855948695000
O3PipeView:rename:10855948696000
O3PipeView:dispatch:10855950631000
O3PipeView:issue:10855950635000
O3PipeView:complete:10855950639000
O3PipeView:retire:10855950640000:store:0
O3PipeView:fetch:10855948694000:0x7fd1b6c06154:0:14:v_add_co_u32 v4, vcc_lo, v0, s6
O3PipeView:decode:10855948695000
O3PipeView:rename:10855948696000
O3PipeView:dispatch:10855950635000
O3PipeView:issue:10855950639000
O3PipeView:complete:10855950643000
O3PipeView:retire:10855950644000:store:0
O3PipeView:fetch:10855948696000:0x7fd1b6c0615c:0:15:v_addc_co_u32 v5, vcc_lo, v5, 0, vcc_lo, vcc
O3PipeView:decode:10855948697000
O3PipeView:rename:10855948698000
O3PipeView:dispatch:10855950641000
O3PipeView:issue:10855950643000
O3PipeView:complete:10855950647000
O3PipeView:retire:10855950648000:store:0
O3PipeView:fetch:10855948712000:0x7fd1b6c06164:0:16:v_cmp_lt_u64 s[106:107], v[2:3], s[8:9]
O3PipeView:decode:10855948713000
O3PipeView:rename:10855948714000
O3PipeView:dispatch:10855950645000
O3PipeView:issue:10855950647000
O3PipeView:complete:10855950651000
O3PipeView:retire:10855950652000:store:0
O3PipeView:fetch:10855948728000:0x7fd1b6c0616c:0:17:s_cbranch_vccz
O3PipeView:decode:10855948729000
O3PipeView:rename:10855948730000
O3PipeView:dispatch:10855950649000
O3PipeView:issue:10855950650000
O3PipeView:complete:10855950654000
O3PipeView:retire:10855950655000:store:0
O3PipeView:fetch:10855950652000:0x7fd1b6c061ac:0:18:s_mov_b64 exec, -1
O3PipeView:decode:10855950653000
O3PipeView:rename:10855950654000
O3PipeView:dispatch:10855950655000
O3PipeView:issue:10855950656000
O3PipeView:complete:10855950660000
O3PipeView:retire:10855950661000:store:0
O3PipeView:fetch:10855950652000:0x7fd1b6c061b0:0:19:s_lshl_b32 s25, s24, 4
O3PipeView:decode:10855950653000
O3PipeView:rename:10855950654000
O3PipeView:dispatch:10855950656000
O3PipeView:issue:10855950660000
O3PipeView:complete:10855950664000
O3PipeView:retire:10855950665000:store:0
O3PipeView:fetch:10855950652000:0x7fd1b6c061b4:0:20:v_lshlrev_b32 v1, 4, v0
O3PipeView:decode:10855950653000
O3PipeView:rename:10855950654000
O3PipeView:dispatch:10855950660000
O3PipeView:issue:10855950661000
O3PipeView:complete:10855950665000
O3PipeView:retire:10855950666000:store:0
O3PipeView:fetch:10855950652000:0x7fd1b6c061b8:0:21:v_mov_b32 v3, s9
O3PipeView:decode:10855950653000
O3PipeView:rename:10855950654000
O3PipeView:dispatch:10855950661000
O3PipeView:issue:10855950665000
O3PipeView:complete:10855950669000
O3PipeView:retire:10855950670000:store:0
O3PipeView:fetch:10855950656000:0x7fd1b6c061bc:0:22:v_add_co_u32 v2, vcc_lo, v1, s8
O3PipeView:decode:10855950657000
O3PipeView:rename:10855950658000
O3PipeView:dispatch:10855950665000
O3PipeView:issue:10855950669000
O3PipeView:complete:10855950673000
O3PipeView:retire:10855950674000:store:0
O3PipeView:fetch:10855950656000:0x7fd1b6c061c4:0:23:v_addc_co_u32 v3, vcc_lo, v3, 0, vcc_lo, vcc
O3PipeView:decode:10855950657000
O3PipeView:rename:10855950658000
O3PipeView:dispatch:10855950671000
O3PipeView:issue:10855950673000
O3PipeView:complete:10855950677000
O3PipeView:retire:10855950678000:store:0
O3PipeView:fetch:10855950656000:0x7fd1b6c061cc:0:24:v_mov_b32 v5, s11
O3PipeView:decode:10855950657000
O3PipeView:rename:10855950658000
O3PipeView:dispatch:10855950673000
O3PipeView:issue:10855950677000
O3PipeView:complete:10855950681000
O3PipeView:retire:10855950682000:store:0
O3PipeView:fetch:10855950656000:0x7fd1b6c061d0:0:25:v_add_co_u32 v4, vcc_lo, v1, s10
O3PipeView:decode:10855950657000
O3PipeView:rename:10855950658000
O3PipeView:dispatch:10855950677000
O3PipeView:issue:10855950681000
O3PipeView:complete:10855950685000
O3PipeView:retire:10855950686000:store:0
O3PipeView:fetch:10855950656000:0x7fd1b6c061d8:0:26:v_addc_co_u32 v5, vcc_lo, v5, 0, vcc_lo, vcc
O3PipeView:decode:10855950657000
O3PipeView:rename:10855950658000
O3PipeView:dispatch:10855950683000
O3PipeView:issue:10855950685000
O3PipeView:complete:10855950689000
O3PipeView:retire:10855950690000:store:0
O3PipeView:fetch:10855950656000:0x7fd1b6c061e0:0:27:v_cmp_lt_u64 s[106:107], v[2:3], s[12:13]
O3PipeView:decode:10855950657000
O3PipeView:rename:10855950658000
O3PipeView:dispatch:10855950687000
O3PipeView:issue:10855950689000
O3PipeView:complete:10855950693000
O3PipeView:retire:10855950694000:store:0
O3PipeView:fetch:10855950656000:0x7fd1b6c061e8:0:28:s_cbranch_vccz
O3PipeView:decode:10855950657000
O3PipeView:rename:10855950658000
O3PipeView:dispatch:10855950691000
O3PipeView:issue:10855950698000
O3PipeView:complete:10855950702000
O3PipeView:retire:10855950703000:store:0
O3PipeView:fetch:10855950700000:0x7fd1b6c06224:0:29:s_lshl_b32 s25, s24, 2
O3PipeView:decode:10855950701000
O3PipeView:rename:10855950702000
O3PipeView:dispatch:10855950703000
O3PipeView:issue:10855950706000
O3PipeView:complete:10855950710000
O3PipeView:retire:10855950711000:store:0
O3PipeView:fetch:10855950700000:0x7fd1b6c06228:0:30:v_lshlrev_b32 v1, 2, v0
O3PipeView:decode:10855950701000
O3PipeView:rename:10855950702000
O3PipeView:dispatch:10855950706000
O3PipeView:issue:10855950707000
O3PipeView:complete:10855950711000
O3PipeView:retire:10855950712000:store:0
O3PipeView:fetch:10855950700000:0x7fd1b6c0622c:0:31:v_mov_b32 v3, s13
O3PipeView:decode:10855950701000
O3PipeView:rename:10855950702000
O3PipeView:dispatch:10855950707000
O3PipeView:issue:10855950711000
O3PipeView:complete:10855950715000
O3PipeView:retire:10855950716000:store:0
O3PipeView:fetch:10855950700000:0x7fd1b6c06230:0:32:v_add_co_u32 v2, vcc_lo, v1, s12
O3PipeView:decode:10855950701000
O3PipeView:rename:10855950702000
O3PipeView:dispatch:10855950711000
O3PipeView:issue:10855950715000
O3PipeView:complete:10855950719000
O3PipeView:retire:10855950720000:store:0
O3PipeView:fetch:10855950700000:0x7fd1b6c06238:0:33:v_addc_co_u32 v3, vcc_lo, v3, 0, vcc_lo, vcc
O3PipeView:decode:10855950701000
O3PipeView:rename:10855950702000
O3PipeView:dispatch:10855950717000
O3PipeView:issue:10855950719000
O3PipeView:complete:10855950723000
O3PipeView:retire:10855950724000:store:0
O3PipeView:fetch:10855950704000:0x7fd1b6c06240:0:34:v_mov_b32 v5, s15
O3PipeView:decode:10855950705000
O3PipeView:rename:10855950706000
O3PipeView:dispatch:10855950719000
O3PipeView:issue:10855950723000
O3PipeView:complete:10855950727000
O3PipeView:retire:10855950728000:store:0
O3PipeView:fetch:10855950704000:0x7fd1b6c06244:0:35:v_add_co_u32 v4, vcc_lo, v1, s14
O3PipeView:decode:10855950705000
O3PipeView:rename:10855950706000
O3PipeView:dispatch:10855950723000
O3PipeView:issue:10855950727000
O3PipeView:complete:10855950731000
O3PipeView:retire:10855950732000:store:0
O3PipeView:fetch:10855950704000:0x7fd1b6c0624c:0:36:v_addc_co_u32 v5, vcc_lo, v5, 0, vcc_lo, vcc
O3PipeView:decode:10855950705000
O3PipeView:rename:10855950706000
O3PipeView:dispatch:10855950729000
O3PipeView:issue:10855950731000
O3PipeView:complete:10855950735000
O3PipeView:retire:10855950736000:store:0
O3PipeView:fetch:10855950704000:0x7fd1b6c06254:0:37:v_cmp_lt_u64 s[106:107], v[2:3], s[16:17]
O3PipeView:decode:10855950705000
O3PipeView:rename:10855950706000
O3PipeView:dispatch:10855950733000
O3PipeView:issue:10855950735000
O3PipeView:complete:10855950739000
O3PipeView:retire:10855950740000:store:0
O3PipeView:fetch:10855950704000:0x7fd1b6c0625c:0:38:s_cbranch_vccz
O3PipeView:decode:10855950705000
O3PipeView:rename:10855950706000
O3PipeView:dispatch:10855950737000
O3PipeView:issue:10855950738000
O3PipeView:complete:10855950742000
O3PipeView:retire:10855950743000:store:0
O3PipeView:fetch:10855950704000:0x7fd1b6c06260:0:39:s_and_b64 exec, exec, vcc_lo
O3PipeView:decode:10855950705000
O3PipeView:rename:10855950706000
O3PipeView:dispatch:10855950738000
O3PipeView:issue:10855950742000
O3PipeView:complete:10855950746000
O3PipeView:retire:10855950747000:store:0
O3PipeView:fetch:10855950704000:0x7fd1b6c06280:0:40:flat_load_dword v1, v[2:3]
O3PipeView:decode:10855950705000
O3PipeView:rename:10855950706000
O3PipeView:dispatch:10855950742000
O3PipeView:issue:10855950743000
O3PipeView:complete:10855951651000
O3PipeView:retire:10855951751000:store:10855951752000
O3PipeView:fetch:10855950704000:0x7fd1b6c0626c:0:41:v_add_co_u32 v2, vcc_lo, v2, s25
O3PipeView:decode:10855950705000
O3PipeView:rename:10855950706000
O3PipeView:dispatch:10855950743000
O3PipeView:issue:10855950744000
O3PipeView:complete:10855950748000
O3PipeView:retire:10855950749000:store:0
O3PipeView:fetch:10855950705000:0x7fd1b6c06274:0:42:v_addc_co_u32 v3, vcc_lo, v3, 0, vcc_lo, vcc
O3PipeView:decode:10855950706000
O3PipeView:rename:10855950707000
O3PipeView:dispatch:10855950746000
O3PipeView:issue:10855950748000
O3PipeView:complete:10855950752000
O3PipeView:retire:10855950753000:store:0
O3PipeView:fetch:18446744073709550615:0x7fd1b6c0627c:0:43:s_waitcnt vmcnt(0)
O3PipeView:decode:18446744073709551615
O3PipeView:rename:18446744073709552615
O3PipeView:dispatch:10855950748000
O3PipeView:issue:10855950750000
O3PipeView:complete:10855950754000
O3PipeView:retire:10855950755000:store:0
O3PipeView:fetch:10855950741000:0x7fd1b6c062ec:0:44:flat_store_dword v[4:5], v1
O3PipeView:decode:10855950742000
O3PipeView:rename:10855950743000
O3PipeView:dispatch:10855951754000
O3PipeView:issue:10855951755000
O3PipeView:complete:10855953085000
O3PipeView:retire:10855953377000:store:10855953378000
O3PipeView:fetch:10855950741000:0x7fd1b6c06288:0:45:v_add_co_u32 v4, vcc_lo, v4, s25
O3PipeView:decode:10855950742000
O3PipeView:rename:10855950743000
O3PipeView:dispatch:10855951755000
O3PipeView:issue:10855951756000
O3PipeView:complete:10855951760000
O3PipeView:retire:10855951761000:store:0
O3PipeView:fetch:10855950741000:0x7fd1b6c06290:0:46:v_addc_co_u32 v5, vcc_lo, v5, 0, vcc_lo, vcc
O3PipeView:decode:10855950742000
O3PipeView:rename:10855950743000
O3PipeView:dispatch:10855951758000
O3PipeView:issue:10855951760000
O3PipeView:complete:10855951764000
O3PipeView:retire:10855951765000:store:0
O3PipeView:fetch:10855950741000:0x7fd1b6c06298:0:47:s_branch
O3PipeView:decode:10855950742000
O3PipeView:rename:10855950743000
O3PipeView:dispatch:10855951760000
O3PipeView:issue:10855951761000
O3PipeView:complete:10855951765000
O3PipeView:retire:10855951766000:store:0
O3PipeView:fetch:10855951763000:0x7fd1b6c06254:0:48:v_cmp_lt_u64 s[106:107], v[2:3], s[16:17]
O3PipeView:decode:10855951764000
O3PipeView:rename:10855951765000
O3PipeView:dispatch:10855951766000
O3PipeView:issue:10855951767000
O3PipeView:complete:10855951771000
O3PipeView:retire:10855951772000:store:0
O3PipeView:fetch:10855951763000:0x7fd1b6c0625c:0:49:s_cbranch_vccz
O3PipeView:decode:10855951764000
O3PipeView:rename:10855951765000
O3PipeView:dispatch:10855951769000
O3PipeView:issue:10855951770000
O3PipeView:complete:10855951774000
O3PipeView:retire:10855951775000:store:0
O3PipeView:fetch:10855951772000:0x7fd1b6c0629c:0:50:s_mov_b64 exec, -1
O3PipeView:decode:10855951773000
O3PipeView:rename:10855951774000
O3PipeView:dispatch:10855951775000
O3PipeView:issue:10855951776000
O3PipeView:complete:10855951780000
O3PipeView:retire:10855951781000:store:0
O3PipeView:fetch:10855951772000:0x7fd1b6c062a0:0:51:v_mov_b32 v3, s17
O3PipeView:decode:10855951773000
O3PipeView:rename:10855951774000
O3PipeView:dispatch:10855951776000
O3PipeView:issue:10855951777000
O3PipeView:complete:10855951781000
O3PipeView:retire:10855951782000:store:0
O3PipeView:fetch:10855951772000:0x7fd1b6c062a4:0:52:v_add_co_u32 v2, vcc_lo, v0, s16
O3PipeView:decode:10855951773000
O3PipeView:rename:10855951774000
O3PipeView:dispatch:10855951777000
O3PipeView:issue:10855951781000
O3PipeView:complete:10855951785000
O3PipeView:retire:10855951786000:store:0
O3PipeView:fetch:10855951772000:0x7fd1b6c062ac:0:53:v_addc_co_u32 v3, vcc_lo, v3, 0, vcc_lo, vcc
O3PipeView:decode:10855951773000
O3PipeView:rename:10855951774000
O3PipeView:dispatch:10855951783000
O3PipeView:issue:10855951785000
O3PipeView:complete:10855951789000
O3PipeView:retire:10855951790000:store:0
O3PipeView:fetch:10855951772000:0x7fd1b6c062b4:0:54:v_mov_b32 v5, s19
O3PipeView:decode:10855951773000
O3PipeView:rename:10855951774000
O3PipeView:dispatch:10855951785000
O3PipeView:issue:10855951789000
O3PipeView:complete:10855951793000
O3PipeView:retire:10855951794000:store:0
O3PipeView:fetch:10855951772000:0x7fd1b6c062b8:0:55:v_add_co_u32 v4, vcc_lo, v0, s18
O3PipeView:decode:10855951773000
O3PipeView:rename:10855951774000
O3PipeView:dispatch:10855951789000
O3PipeView:issue:10855951793000
O3PipeView:complete:10855951797000
O3PipeView:retire:10855951798000:store:0
O3PipeView:fetch:10855951775000:0x7fd1b6c062c0:0:56:v_addc_co_u32 v5, vcc_lo, v5, 0, vcc_lo, vcc
O3PipeView:decode:10855951776000
O3PipeView:rename:10855951777000
O3PipeView:dispatch:10855951795000
O3PipeView:issue:10855951797000
O3PipeView:complete:10855951801000
O3PipeView:retire:10855951802000:store:0
O3PipeView:fetch:10855951775000:0x7fd1b6c062c8:0:57:v_cmp_lt_u64 s[106:107], v[2:3], s[20:21]
O3PipeView:decode:10855951776000
O3PipeView:rename:10855951777000
O3PipeView:dispatch:10855951799000
O3PipeView:issue:10855951801000
O3PipeView:complete:10855951805000
O3PipeView:retire:10855951806000:store:0
O3PipeView:fetch:10855951775000:0x7fd1b6c062d0:0:58:s_cbranch_vccz
O3PipeView:decode:10855951776000
O3PipeView:rename:10855951777000
O3PipeView:dispatch:10855951803000
O3PipeView:issue:10855951804000
O3PipeView:complete:10855951808000
O3PipeView:retire:10855951809000:store:0
O3PipeView:fetch:10855951806000:0x7fd1b6c062ec:0:59:s_endpgm
O3PipeView:decode:10855951807000
O3PipeView:rename:10855951808000
O3PipeView:dispatch:10855953379000
O3PipeView:issue:10855953380000
O3PipeView:complete:10855953384000
O3PipeView:retire:10855953385000:store:0